\BOOKMARK [0][-]{chapter.1}{An Algorithm for In-Situ Bus Scheduling and Passenger State Update}{}% 1
\BOOKMARK [1][-]{section.1.1}{Introduction}{chapter.1}% 2
\BOOKMARK [2][-]{subsection.1.1.1}{Smart Bus System}{section.1.1}% 3
\BOOKMARK [1][-]{section.1.2}{Problem Specification}{chapter.1}% 4
\BOOKMARK [2][-]{subsection.1.2.1}{Scheduling Problem}{section.1.2}% 5
\BOOKMARK [1][-]{section.1.3}{Algorithm}{chapter.1}% 6
\BOOKMARK [2][-]{subsection.1.3.1}{Route Flexibility}{section.1.3}% 7
\BOOKMARK [2][-]{subsection.1.3.2}{Route Information Sharing}{section.1.3}% 8
\BOOKMARK [2][-]{subsection.1.3.3}{Request Assignment Algorithm}{section.1.3}% 9
\BOOKMARK [1][-]{section.1.4}{Implementation}{chapter.1}% 10
\BOOKMARK [2][-]{subsection.1.4.1}{.NOW motes vs. Emulator}{section.1.4}% 11
\BOOKMARK [3][-]{section*.2}{Simplifications}{subsection.1.4.1}% 12
\BOOKMARK [2][-]{subsection.1.4.2}{Software Architecture}{section.1.4}% 13
\BOOKMARK [2][-]{subsection.1.4.3}{Message Structure}{section.1.4}% 14
\BOOKMARK [2][-]{subsection.1.4.4}{Limitations, Challenges, and Omissions}{section.1.4}% 15
\BOOKMARK [3][-]{section*.3}{Network Topology}{subsection.1.4.4}% 16
\BOOKMARK [3][-]{section*.4}{Passenger Behavior}{subsection.1.4.4}% 17
\BOOKMARK [3][-]{section*.5}{Emulator Networking Bugs}{subsection.1.4.4}% 18
\BOOKMARK [3][-]{section*.6}{Software Design Decisions}{subsection.1.4.4}% 19
\BOOKMARK [2][-]{subsection.1.4.5}{Testing and Evaluation}{section.1.4}% 20
\BOOKMARK [3][-]{section*.7}{Request Patterns}{subsection.1.4.5}% 21
\BOOKMARK [3][-]{section*.8}{Specification and Evaluation of Static Approach}{subsection.1.4.5}% 22
\BOOKMARK [1][-]{section.1.5}{Using the Smart-Bus Application}{chapter.1}% 23
\BOOKMARK [2][-]{subsection.1.5.1}{Extending the Smart-Bus Application}{section.1.5}% 24
\BOOKMARK [1][-]{section.1.6}{Conclusion}{chapter.1}% 25
\BOOKMARK [1][-]{section.A.1}{Source Code}{chapter.1}% 26
